<?xml version="1.0" encoding="UTF-8"?>
<!-- Generated by org.testng.reporters.JUnitReportReporter -->
<testsuite skipped="0" hostname="DESKTOP-FQ1JJKR" name="ApiTaskTest.TestRest" tests="16" failures="0" timestamp="2021-09-27T12:53:39 CEST" time="11.337" errors="0">
  <testcase name="test_successful_request" time="0.646" classname="ApiTaskTest.TestRest"/>
  <system-out/>
  <testcase name="test_failure_request" time="1.261" classname="ApiTaskTest.TestRest"/>
  <system-out/>
  <testcase name="test_failure_request" time="0.461" classname="ApiTaskTest.TestRest"/>
  <system-out/>
  <testcase name="test_failure_request" time="0.326" classname="ApiTaskTest.TestRest"/>
  <system-out/>
  <testcase name="test_failure_request" time="0.310" classname="ApiTaskTest.TestRest"/>
  <system-out/>
  <testcase name="test_failure_request" time="0.313" classname="ApiTaskTest.TestRest"/>
  <system-out/>
  <testcase name="test_successful_request" time="0.662" classname="ApiTaskTest.TestRest"/>
  <system-out/>
  <testcase name="test_failure_request" time="0.340" classname="ApiTaskTest.TestRest"/>
  <system-out/>
  <testcase name="test_successful_request" time="2.589" classname="ApiTaskTest.TestRest"/>
  <system-out/>
  <testcase name="test_successful_request" time="0.635" classname="ApiTaskTest.TestRest"/>
  <system-out/>
  <testcase name="test_failure_request" time="0.332" classname="ApiTaskTest.TestRest"/>
  <system-out/>
  <testcase name="test_connection_to_api_simulator" time="2.116" classname="ApiTaskTest.TestRest"/>
  <system-out/>
  <testcase name="test_failure_request" time="0.338" classname="ApiTaskTest.TestRest"/>
  <system-out/>
  <testcase name="test_failure_request" time="0.335" classname="ApiTaskTest.TestRest"/>
  <system-out/>
  <testcase name="test_failure_request" time="0.357" classname="ApiTaskTest.TestRest"/>
  <system-out/>
  <testcase name="test_failure_request" time="0.316" classname="ApiTaskTest.TestRest"/>
  <system-out/>
</testsuite> <!-- ApiTaskTest.TestRest -->
